[00:31:29] 
[00:31:32] Соединяемся с localhost:9190
[00:31:32] Попытка авторизации: login
[00:31:40] переход в оффлайн
[00:31:54] [00:31:29] 
[00:31:32] Соединяемся с localhost:9190
[00:31:32] Попытка авторизации: login
[00:31:40] переход в оффлайн
[00:33:24] [00:31:29] 
[00:31:32] Соединяемся с localhost:9190
[00:31:32] Попытка авторизации: login
[00:31:40] переход в оффлайн
[00:31:54] [00:31:29] 
[00:31:32] Соединяемся с localhost:9190
[00:31:32] Попытка авторизации: login
[00:31:40] переход в оффлайн
[00:33:26] Соединяемся с localhost:9190
[00:33:26] Попытка авторизации: login
[00:33:35] test message
[00:33:38] переход в оффлайн
[00:33:45] [00:31:29] 
[00:31:32] Соединяемся с localhost:9190
[00:31:32] Попытка авторизации: login
[00:31:40] переход в оффлайн
[00:31:54] [00:31:29] 
[00:31:32] Соединяемся с localhost:9190
[00:31:32] Попытка авторизации: login
[00:31:40] переход в оффлайн
[00:33:24] [00:31:29] 
[00:31:32] Соединяемся с localhost:9190
[00:31:32] Попытка авторизации: login
[00:31:40] переход в оффлайн
[00:31:54] [00:31:29] 
[00:31:32] Соединяемся с localhost:9190
[00:31:32] Попытка авторизации: login
[00:31:40] переход в оффлайн
[00:33:26] Соединяемся с localhost:9190
[00:33:26] Попытка авторизации: login
[00:33:35] test message
[00:33:38] переход в оффлайн
[00:33:54] [00:31:29] 
[00:31:32] Соединяемся с localhost:9190
[00:31:32] Попытка авторизации: login
[00:31:40] переход в оффлайн
[00:31:54] [00:31:29] 
[00:31:32] Соединяемся с localhost:9190
[00:31:32] Попытка авторизации: login
[00:31:40] переход в оффлайн
[00:33:24] [00:31:29] 
[00:31:32] Соединяемся с localhost:9190
[00:31:32] Попытка авторизации: login
[00:31:40] переход в оффлайн
[00:31:54] [00:31:29] 
[00:31:32] Соединяемся с localhost:9190
[00:31:32] Попытка авторизации: login
[00:31:40] переход в оффлайн
[00:33:26] Соединяемся с localhost:9190
[00:33:26] Попытка авторизации: login
[00:33:35] test message
[00:33:38] переход в оффлайн
[00:33:45] [00:31:29] 
[00:31:32] Соединяемся с localhost:9190
[00:31:32] Попытка авторизации: login
[00:31:40] переход в оффлайн
[00:31:54] [00:31:29] 
[00:31:32] Соединяемся с localhost:9190
[00:31:32] Попытка авторизации: login
[00:31:40] переход в оффлайн
[00:33:24] [00:31:29] 
[00:31:32] Соединяемся с localhost:9190
[00:31:32] Попытка авторизации: login
[00:31:40] переход в оффлайн
[00:31:54] [00:31:29] 
[00:31:32] Соединяемся с localhost:9190
[00:31:32] Попытка авторизации: login
[00:31:40] переход в оффлайн
[00:33:26] Соединяемся с localhost:9190
[00:33:26] Попытка авторизации: login
[00:33:35] test message
[00:33:38] переход в оффлайн
[00:35:34] Соединяемся с localhost:9190
[00:35:34] Попытка авторизации: login
[00:35:41] !!!!!!!!!!!!!!!!!!!!!!!!!!!!!!!!!!!!!!!!!!

[00:36:23] Соединяемся с localhost:9190
[00:36:23] Попытка авторизации: login
[00:36:26] переход в оффлайн
[00:36:57] Соединяемся с localhost:9190
[00:36:57] Попытка авторизации: login
[00:36:58] переход в оффлайн
[00:36:59] Соединяемся с localhost:9190
[00:36:59] Попытка авторизации: login
[00:37:00] переход в оффлайн
[00:37:04] Соединяемся с localhost:9190
[00:37:04] Попытка авторизации: login
[00:37:04] переход в оффлайн
[00:37:17] Соединяемся с localhost:9190
[00:37:17] Попытка авторизации: login
[00:37:19] переход в оффлайн
[00:37:20] Соединяемся с localhost:9190
[00:37:20] Попытка авторизации: login
[00:39:17] Соединяемся с localhost:9190
[00:39:17] Попытка авторизации: login
[00:39:19] переход в оффлайн
[00:39:19] Соединяемся с localhost:9190
[00:39:19] Попытка авторизации: login
[00:39:20] переход в оффлайн
[00:39:21] Соединяемся с localhost:9190
[00:39:21] Попытка авторизации: login
[00:42:51] Соединяемся с localhost:9190
[00:42:51] Попытка авторизации: login
[00:44:24] Соединяемся с localhost:9190
[00:44:24] Попытка авторизации: login
[00:44:30] !!!!!!!!!
[00:45:28] Соединяемся с localhost:9190
[00:45:28] Попытка авторизации: login
[00:45:30] переход в оффлайн
[00:45:31] Соединяемся с localhost:9190
[00:45:31] Попытка авторизации: login
[00:45:42] переход в оффлайн
[00:46:09] Соединяемся с localhost:9190
[00:46:09] Попытка авторизации: login
[00:46:21] йййй
ййцвцуецукр
керукеркер

[00:46:25] переход в оффлайн
[00:46:26] Соединяемся с localhost:9190
[00:46:26] Попытка авторизации: login
[00:46:51] фыкпап
пап
ывапапыва
пфапыап
ыввпыв
врпыввпываапы
ваапы
п
ввап
ывккп

ывквпывеврывперыепуфкатифмуыврыр

[00:49:12] Соединяемся с localhost:9190
[00:49:12] Попытка авторизации: login
[00:49:22] asgfgasfjasfjasvefjavejfvasjesefvjhsafjhasjhfvajvsjavssjvjhsvehf
sgasrg
rargsrg
aereg
[00:51:10] Соединяемся с localhost:9190
[00:51:10] Попытка авторизации: login
[00:51:19] wrgsergsrgsdgsrgsrgserrgergergwergerg
srgsdgsergsergsete
gseergserrg
serg
setgsettg

[00:52:40] Соединяемся с localhost:9190
[00:52:40] Попытка авторизации: login
[00:53:58] Соединяемся с localhost:9190
[00:53:58] Попытка авторизации: login
[01:12:58] Соединяемся с localhost:9190
[01:12:58] Попытка авторизации: login
[01:13:02] qsfgsth
